[INFO ] 2022-07-31 08:16:37.678 [main] LoggingDemo - this is sample info
[INFO ] 2022-07-31 08:16:37.687 [main] LoggingDemo - this is info logger
[WARN ] 2022-07-31 08:16:37.687 [main] LoggingDemo - this is warn logger
[ERROR] 2022-07-31 08:16:37.687 [main] LoggingDemo - this is error logger
[FATAL] 2022-07-31 08:16:37.687 [main] LoggingDemo - this is fatal logger
[INFO ] 2022-07-31 08:47:44.426 [main] LoginPage - User id is entered
[INFO ] 2022-07-31 08:47:44.501 [main] LoginPage - password id is entered
[INFO ] 2022-07-31 08:47:49.717 [main] LoginPage - Login Button is clicked
[INFO ] 2022-07-31 08:47:51.830 [main] AssignLeavePage - user is on Dashboard page
[INFO ] 2022-07-31 08:48:00.466 [main] LoginPage - User id is entered
[INFO ] 2022-07-31 08:48:00.521 [main] LoginPage - password id is entered
[INFO ] 2022-07-31 08:48:05.896 [main] LoginPage - Login Button is clicked
[INFO ] 2022-07-31 08:50:37.032 [main] LoginPage - User id is entered
[INFO ] 2022-07-31 08:50:37.102 [main] LoginPage - password id is entered
[INFO ] 2022-07-31 08:50:43.409 [main] LoginPage - Login Button is clicked
[INFO ] 2022-07-31 08:50:45.542 [main] AssignLeavePage - user is on Dashboard page
[INFO ] 2022-07-31 08:50:58.666 [main] LoginPage - User id is entered
[INFO ] 2022-07-31 08:50:58.731 [main] LoginPage - password id is entered
[INFO ] 2022-07-31 08:51:03.712 [main] LoginPage - Login Button is clicked
[INFO ] 2022-07-31 08:55:56.469 [main] LoginPage - User id is entered
[INFO ] 2022-07-31 08:55:56.522 [main] LoginPage - password id is entered
[INFO ] 2022-07-31 08:56:00.020 [main] LoginPage - Login Button is clicked
[INFO ] 2022-07-31 08:56:03.725 [main] AssignLeavePage - user is on Dashboard page
[INFO ] 2022-07-31 08:56:21.866 [main] LoginPage - User id is entered
[INFO ] 2022-07-31 08:56:21.948 [main] LoginPage - password id is entered
[INFO ] 2022-07-31 08:56:25.858 [main] LoginPage - Login Button is clicked
[INFO ] 2022-07-31 09:00:20.361 [main] LoginPage - User id is entered
[INFO ] 2022-07-31 09:00:20.412 [main] LoginPage - password id is entered
[INFO ] 2022-07-31 09:00:25.961 [main] LoginPage - Login Button is clicked
[INFO ] 2022-07-31 09:00:28.052 [main] AssignLeavePage - user is on Dashboard page
[INFO ] 2022-07-31 09:00:44.690 [main] LoginPage - User id is entered
[INFO ] 2022-07-31 09:00:44.761 [main] LoginPage - password id is entered
[INFO ] 2022-07-31 09:00:48.506 [main] LoginPage - Login Button is clicked
[INFO ] 2022-07-31 10:12:53.237 [main] LoginPage - User id is entered
[INFO ] 2022-07-31 10:12:53.287 [main] LoginPage - password id is entered
[INFO ] 2022-07-31 10:12:58.353 [main] LoginPage - Login Button is clicked
[INFO ] 2022-07-31 10:13:06.778 [main] LoginPage - User id is entered
[INFO ] 2022-07-31 10:13:06.846 [main] LoginPage - password id is entered
[INFO ] 2022-07-31 10:13:12.052 [main] LoginPage - Login Button is clicked
[INFO ] 2022-07-31 10:13:14.151 [main] AssignLeavePage - user is on Dashboard page
[DEBUG] 2022-07-31 10:13:18.191 [main] AssignLeavePage - search result includesOrange Test
[DEBUG] 2022-07-31 10:13:18.598 [main] AssignLeavePage - dropdown selected
[DEBUG] 2022-07-31 10:13:22.115 [main] AssignLeavePage - Comment entered is
[INFO ] 2022-07-31 10:14:05.461 [main] LoginPage - User id is entered
[INFO ] 2022-07-31 10:14:05.531 [main] LoginPage - password id is entered
[INFO ] 2022-07-31 10:14:10.965 [main] LoginPage - Login Button is clicked
[INFO ] 2022-07-31 10:14:19.479 [main] LoginPage - User id is entered
[INFO ] 2022-07-31 10:14:19.559 [main] LoginPage - password id is entered
[INFO ] 2022-07-31 10:14:24.842 [main] LoginPage - Login Button is clicked
[INFO ] 2022-07-31 10:14:26.941 [main] AssignLeavePage - user is on Dashboard page
[DEBUG] 2022-07-31 10:14:30.782 [main] AssignLeavePage - search result includesOrange Test
[DEBUG] 2022-07-31 10:14:31.160 [main] AssignLeavePage - dropdown selected
[DEBUG] 2022-07-31 10:14:34.774 [main] AssignLeavePage - Comment entered is
[INFO ] 2022-07-31 10:15:52.402 [main] LoginPage - User id is entered
[INFO ] 2022-07-31 10:15:52.458 [main] LoginPage - password id is entered
[INFO ] 2022-07-31 10:15:57.392 [main] LoginPage - Login Button is clicked
[INFO ] 2022-07-31 10:16:03.393 [main] LoginPage - User id is entered
[INFO ] 2022-07-31 10:16:03.446 [main] LoginPage - password id is entered
[INFO ] 2022-07-31 10:16:08.404 [main] LoginPage - Login Button is clicked
[INFO ] 2022-07-31 10:16:10.503 [main] AssignLeavePage - user is on Dashboard page
[DEBUG] 2022-07-31 10:16:14.598 [main] AssignLeavePage - search result includesOrange Test
[DEBUG] 2022-07-31 10:16:15.005 [main] AssignLeavePage - dropdown selected
[DEBUG] 2022-07-31 10:16:18.692 [main] AssignLeavePage - Comment entered is
[WARN ] 2022-07-31 10:16:20.854 [main] AssignLeavePage - warning pop up is displayed
[INFO ] 2022-07-31 10:18:53.656 [main] LoginPage - User id is entered
[INFO ] 2022-07-31 10:18:53.721 [main] LoginPage - password id is entered
[INFO ] 2022-07-31 10:18:58.660 [main] LoginPage - Login Button is clicked
[INFO ] 2022-07-31 10:19:06.734 [main] LoginPage - User id is entered
[INFO ] 2022-07-31 10:19:06.799 [main] LoginPage - password id is entered
[INFO ] 2022-07-31 10:19:13.968 [main] LoginPage - Login Button is clicked
[INFO ] 2022-07-31 10:19:16.086 [main] AssignLeavePage - user is on Dashboard page
[DEBUG] 2022-07-31 10:19:20.280 [main] AssignLeavePage - search result includesOrange Test
[DEBUG] 2022-07-31 10:19:20.671 [main] AssignLeavePage - dropdown selected
[DEBUG] 2022-07-31 10:19:24.248 [main] AssignLeavePage - Comment entered is
[WARN ] 2022-07-31 10:19:26.414 [main] AssignLeavePage - warning pop up is displayed
